Base path: D:/Unity/Data
Pipe name: \\.\pipe\UnityShaderCompiler-7-7028
Cmd: getPlatforms
Cmd: compileSnippet
  api=4 type=1 insize=1007 outsize=843 kw= ok=1
Cmd: compileSnippet
  api=8 type=1 insize=1642 outsize=3063 kw= ok=1
Cmd: compileSnippet
  api=4 type=0 insize=3198 outsize=990 kw= ok=1
Cmd: compileSnippet
  api=8 type=1 insize=1171 outsize=1983 kw= ok=1
Cmd: compileSnippet
  api=8 type=1 insize=1251 outsize=2113 kw= ok=1
Cmd: compileSnippet
  api=4 type=1 insize=3253 outsize=1160 kw= ok=1
Cmd: compileSnippet
  api=8 type=1 insize=3251 outsize=1325 kw= ok=1
Cmd: compileSnippet
  api=8 type=1 insize=3259 outsize=1187 kw= ok=1
Cmd: compileSnippet
  api=8 type=1 insize=3259 outsize=1698 kw= ok=1
Cmd: compileSnippet
  api=0 type=1 insize=3256 outsize=256 kw= ok=1
Cmd: compileSnippet
  api=4 type=1 insize=3261 outsize=770 kw= ok=1
Cmd: compileSnippet
  api=8 type=0 insize=3254 outsize=2023 kw= ok=1
Cmd: compileSnippet
  api=8 type=0 insize=3258 outsize=2023 kw= ok=1
Cmd: compileSnippet
  api=4 type=1 insize=3253 outsize=648 kw= ok=1
Cmd: compileSnippet
  api=8 type=1 insize=1749 outsize=4818 kw= ok=1
Cmd: compileSnippet
  api=0 type=1 insize=4698 outsize=296 kw= ok=1
Cmd: compileSnippet
  api=4 type=1 insize=4708 outsize=2030 kw= ok=1
Cmd: compileSnippet
  api=4 type=1 insize=32678 outsize=10683 kw= ok=1
Cmd: compileSnippet
  api=4 type=1 insize=3862 outsize=4557 kw= ok=1
Cmd: compileSnippet
  api=4 type=0 insize=4197 outsize=2200 kw= ok=1
Cmd: compileSnippet
  api=4 type=0 insize=912 outsize=1071 kw= ok=1
Unhandled exception: Readfile from pipe failed. GLE=The pipe has been ended.


Quitting shader compiler process
