Base path: D:/Unity/Data
Pipe name: \\.\pipe\UnityShaderCompiler-3-5216
Cmd: getPlatforms
Cmd: compileSnippet
  api=4 type=1 insize=10605 outsize=1672 kw= ok=1
Cmd: compileSnippet
  api=0 type=0 insize=1008 outsize=328 kw= ok=1
Cmd: compileSnippet
  api=0 type=0 insize=1642 outsize=584 kw= ok=1
Cmd: compileSnippet
  api=8 type=0 insize=3154 outsize=1438 kw= ok=1
Cmd: compileSnippet
  api=8 type=0 insize=3153 outsize=1438 kw= ok=1
Cmd: compileSnippet
  api=0 type=1 insize=3198 outsize=1916 kw= ok=1
Cmd: compileSnippet
  api=4 type=0 insize=1366 outsize=1485 kw= ok=1
Cmd: compileSnippet
  api=4 type=0 insize=1251 outsize=1298 kw= ok=1
Cmd: compileSnippet
  api=8 type=0 insize=3259 outsize=2023 kw= ok=1
Cmd: compileSnippet
  api=4 type=0 insize=3256 outsize=1339 kw= ok=1
Cmd: compileSnippet
  api=8 type=0 insize=3268 outsize=2462 kw= ok=1
Cmd: compileSnippet
  api=0 type=0 insize=3254 outsize=375 kw= ok=1
Cmd: compileSnippet
  api=8 type=0 insize=3253 outsize=2023 kw= ok=1
Cmd: compileSnippet
  api=8 type=0 insize=4703 outsize=3015 kw= ok=1
Cmd: compileSnippet
  api=0 type=0 insize=4708 outsize=757 kw= ok=1
Cmd: compileSnippet
  api=8 type=1 insize=4714 outsize=3600 kw= ok=1
Cmd: compileSnippet
  api=4 type=0 insize=3862 outsize=1753 kw= ok=1
Cmd: compileSnippet
  api=4 type=0 insize=6851 outsize=1380 kw= ok=1
Cmd: compileSnippet
  api=4 type=0 insize=4192 outsize=2200 kw= ok=1
Cmd: compileSnippet
  api=8 type=1 insize=1354 outsize=2917 kw= ok=1
Cmd: compileSnippet
  api=8 type=1 insize=912 outsize=1024 kw= ok=1
Cmd: compileSnippet
  api=4 type=1 insize=867 outsize=600 kw= ok=1
Unhandled exception: Readfile from pipe failed. GLE=The pipe has been ended.


Quitting shader compiler process
