Base path: D:/Unity/Data
Pipe name: \\.\pipe\UnityShaderCompiler-5-6580
Cmd: getPlatforms
Cmd: compileSnippet
  api=4 type=1 insize=10628 outsize=9269 kw= ok=1
Cmd: compileSnippet
  api=4 type=0 insize=1008 outsize=990 kw= ok=1
Cmd: compileSnippet
  api=4 type=0 insize=1007 outsize=990 kw= ok=1
Cmd: compileSnippet
  api=8 type=1 insize=3154 outsize=2064 kw= ok=1
Cmd: compileSnippet
  api=8 type=1 insize=3153 outsize=1812 kw= ok=1
Cmd: compileSnippet
  api=4 type=1 insize=1171 outsize=1396 kw= ok=1
Cmd: compileSnippet
  api=4 type=0 insize=3251 outsize=1339 kw= ok=1
Cmd: compileSnippet
  api=4 type=0 insize=3267 outsize=1753 kw= ok=1
Cmd: compileSnippet
  api=4 type=0 insize=3259 outsize=1339 kw= ok=1
Cmd: compileSnippet
  api=8 type=0 insize=3256 outsize=2023 kw= ok=1
Cmd: compileSnippet
  api=0 type=0 insize=3261 outsize=375 kw= ok=1
Cmd: compileSnippet
  api=4 type=0 insize=3258 outsize=1339 kw= ok=1
Cmd: compileSnippet
  api=0 type=0 insize=3253 outsize=375 kw= ok=1
Cmd: compileSnippet
  api=4 type=0 insize=1749 outsize=1713 kw= ok=1
Cmd: compileSnippet
  api=8 type=0 insize=4698 outsize=1438 kw= ok=1
Cmd: compileSnippet
  api=8 type=0 insize=4713 outsize=2990 kw= ok=1
Cmd: compileSnippet
  api=8 type=1 insize=4708 outsize=2974 kw= ok=1
Cmd: compileSnippet
  api=4 type=1 insize=1354 outsize=1940 kw= ok=1
Cmd: compileSnippet
  api=4 type=1 insize=912 outsize=738 kw= ok=1
Cmd: compileSnippet
  api=8 type=1 insize=867 outsize=837 kw= ok=1
Unhandled exception: Readfile from pipe failed. GLE=The pipe has been ended.


Quitting shader compiler process
