Base path: D:/Unity/Data
Pipe name: \\.\pipe\UnityShaderCompiler-4-2132
Cmd: getPlatforms
Cmd: compileSnippet
  api=4 type=0 insize=10628 outsize=990 kw= ok=1
Cmd: compileSnippet
  api=4 type=0 insize=10627 outsize=990 kw= ok=1
Cmd: compileSnippet
  api=8 type=1 insize=1008 outsize=1219 kw= ok=1
Cmd: compileSnippet
  api=8 type=0 insize=1642 outsize=2113 kw= ok=1
Cmd: compileSnippet
  api=4 type=0 insize=3154 outsize=990 kw= ok=1
Cmd: compileSnippet
  api=4 type=0 insize=3153 outsize=990 kw= ok=1
Cmd: compileSnippet
  api=8 type=0 insize=3198 outsize=1438 kw= ok=1
Cmd: compileSnippet
  api=4 type=1 insize=3198 outsize=2436 kw= ok=1
Cmd: compileSnippet
  api=0 type=0 insize=1251 outsize=375 kw= ok=1
Cmd: compileSnippet
  api=4 type=0 insize=32668 outsize=990 kw= ok=1
Cmd: compileSnippet
  api=8 type=0 insize=3253 outsize=2023 kw= ok=1
Cmd: compileSnippet
  api=0 type=1 insize=3267 outsize=426 kw= ok=1
Cmd: compileSnippet
  api=4 type=0 insize=3259 outsize=1339 kw= ok=1
Cmd: compileSnippet
  api=0 type=0 insize=3256 outsize=375 kw= ok=1
Cmd: compileSnippet
  api=4 type=1 insize=3256 outsize=933 kw= ok=1
Cmd: compileSnippet
  api=4 type=0 insize=3268 outsize=1753 kw= ok=1
Cmd: compileSnippet
  api=4 type=1 insize=3268 outsize=1355 kw= ok=1
Cmd: compileSnippet
  api=4 type=0 insize=3261 outsize=1339 kw= ok=1
Cmd: compileSnippet
  api=8 type=1 insize=3258 outsize=1057 kw= ok=1
Cmd: compileSnippet
  api=0 type=0 insize=1749 outsize=671 kw= ok=1
Cmd: compileSnippet
  api=4 type=1 insize=1749 outsize=3248 kw= ok=1
Cmd: compileSnippet
  api=4 type=0 insize=4698 outsize=990 kw= ok=1
Cmd: compileSnippet
  api=4 type=1 insize=4698 outsize=811 kw= ok=1
Cmd: compileSnippet
  api=0 type=0 insize=4713 outsize=757 kw= ok=1
Cmd: compileSnippet
  api=8 type=0 insize=4708 outsize=2990 kw= ok=1
Cmd: compileSnippet
  api=0 type=0 insize=4714 outsize=691 kw= ok=1
Cmd: compileSnippet
  api=4 type=1 insize=4714 outsize=2355 kw= ok=1
Cmd: compileSnippet
  api=4 type=1 insize=4192 outsize=4297 kw= ok=1
Cmd: compileSnippet
  api=4 type=1 insize=4197 outsize=3362 kw= ok=1
Cmd: compileSnippet
  api=8 type=0 insize=912 outsize=1560 kw= ok=1
Cmd: compileSnippet
  api=4 type=0 insize=867 outsize=1071 kw= ok=1
Unhandled exception: Readfile from pipe failed. GLE=The pipe has been ended.


Quitting shader compiler process
